11:51:38 **** Build of configuration Debug for project firmware_edu-ciaa ****
make -r all 
*** compiling C file projects/my_project/src/main.c ***
projects/my_project/src/main.c: In function 'ADC0_IRQHandler':
projects/my_project/src/main.c:153:39: warning: passing argument 3 of 'Chip_ADC_ReadValue' discards 'volatile' qualifier from pointer target type [-Wdiscarded-qualifiers]
  Chip_ADC_ReadValue(LPC_ADC0, ADC_CH0,&adc_data); //Se hace una nueva lectura de la temperatura
                                       ^
In file included from modules/lpc4337_m4/chip/inc/chip_lpc43xx.h:176:0,
                 from modules/lpc4337_m4/chip/inc/chip.h:39,
                 from modules/lpc4337_m4/board/inc/board.h:35,
                 from projects/my_project/src/main.c:32:
modules/lpc4337_m4/chip/inc/adc_18xx_43xx.h:163:8: note: expected 'uint16_t * {aka short unsigned int *}' but argument is of type 'volatile uint16_t * {aka volatile short unsigned int *}'
 Status Chip_ADC_ReadValue(LPC_ADC_T *pADC, uint8_t channel, uint16_t *data);
        ^
*** linking project my_project ***
   text	   data	    bss	    dec	    hex	filename
  17520	  16392	    320	  34232	   85b8	out/lpc4337_m4/my_project.axf
copy from `out/lpc4337_m4/my_project.axf' [elf32-littlearm] to `out/lpc4337_m4/my_project.bin' [binary]
*** post-build ***
11:52:55 **** Incremental Build of configuration Debug for project firmware_edu-ciaa ****
make -r all 
*** linking project my_project ***
   text	   data	    bss	    dec	    hex	filename
  17520	  16392	    320	  34232	   85b8	out/lpc4337_m4/my_project.axf
copy from `out/lpc4337_m4/my_project.axf' [elf32-littlearm] to `out/lpc4337_m4/my_project.bin' [binary]
*** post-build ***
11:53:35 **** Incremental Build of configuration Debug for project firmware_edu-ciaa ****
make -r all 
*** linking project my_project ***
   text	   data	    bss	    dec	    hex	filename
  17520	  16392	    320	  34232	   85b8	out/lpc4337_m4/my_project.axf
copy from `out/lpc4337_m4/my_project.axf' [elf32-littlearm] to `out/lpc4337_m4/my_project.bin' [binary]
*** post-build ***
11:57:53 **** Incremental Build of configuration Debug for project firmware_edu-ciaa ****
make -r all 
*** linking project my_project ***
   text	   data	    bss	    dec	    hex	filename
  17520	  16392	    320	  34232	   85b8	out/lpc4337_m4/my_project.axf
copy from `out/lpc4337_m4/my_project.axf' [elf32-littlearm] to `out/lpc4337_m4/my_project.bin' [binary]
*** post-build ***
