23:12:29 **** Clean-only build of configuration Debug for project lpc_board_nxp_lpcxpresso_4337 ****
make -r clean 
rm -rf  ./src/board.o ./src/board_sysinit.o ./src/lcd_st7565s.o ./src/lpc_phy_smsc87x0.o ./src/wm8904.o  ./src/board.d ./src/board_sysinit.d ./src/lcd_st7565s.d ./src/lpc_phy_smsc87x0.d ./src/wm8904.d  liblpc_board_nxp_lpcxpresso_4337.a
 
23:12:29 **** Build of configuration Debug for project lpc_board_nxp_lpcxpresso_4337 ****
make -r all 
Building file: ../src/board.c
Invoking: MCU C Compiler
arm-none-eabi-gcc -D__REDLIB__ -DDEBUG -D__CODE_RED -D__USE_LPCOPEN -DCORE_M4 -I"/home/nicozorza/LPCXpresso/TP_Final/Prueba_adc/lpc_chip_43xx/inc" -I"/home/nicozorza/LPCXpresso/TP_Final/Prueba_adc/lpc_board_nxp_lpcxpresso_4337/inc" -O0 -g3 -Wall -c -fmessage-length=0 -fno-builtin -ffunction-sections -fdata-sections -fsingle-precision-constant -mcpu=cortex-m4 -mfpu=fpv4-sp-d16 -mfloat-abi=softfp -mthumb -specs=redlib.specs -MMD -MP -MF"src/board.d" -MT"src/board.o" -MT"src/board.d" -o "src/board.o" "../src/board.c"
Finished building: ../src/board.c
 
Building file: ../src/board_sysinit.c
Invoking: MCU C Compiler
arm-none-eabi-gcc -D__REDLIB__ -DDEBUG -D__CODE_RED -D__USE_LPCOPEN -DCORE_M4 -I"/home/nicozorza/LPCXpresso/TP_Final/Prueba_adc/lpc_chip_43xx/inc" -I"/home/nicozorza/LPCXpresso/TP_Final/Prueba_adc/lpc_board_nxp_lpcxpresso_4337/inc" -O0 -g3 -Wall -c -fmessage-length=0 -fno-builtin -ffunction-sections -fdata-sections -fsingle-precision-constant -mcpu=cortex-m4 -mfpu=fpv4-sp-d16 -mfloat-abi=softfp -mthumb -specs=redlib.specs -MMD -MP -MF"src/board_sysinit.d" -MT"src/board_sysinit.o" -MT"src/board_sysinit.d" -o "src/board_sysinit.o" "../src/board_sysinit.c"
Finished building: ../src/board_sysinit.c
 
Building file: ../src/lcd_st7565s.c
Invoking: MCU C Compiler
arm-none-eabi-gcc -D__REDLIB__ -DDEBUG -D__CODE_RED -D__USE_LPCOPEN -DCORE_M4 -I"/home/nicozorza/LPCXpresso/TP_Final/Prueba_adc/lpc_chip_43xx/inc" -I"/home/nicozorza/LPCXpresso/TP_Final/Prueba_adc/lpc_board_nxp_lpcxpresso_4337/inc" -O0 -g3 -Wall -c -fmessage-length=0 -fno-builtin -ffunction-sections -fdata-sections -fsingle-precision-constant -mcpu=cortex-m4 -mfpu=fpv4-sp-d16 -mfloat-abi=softfp -mthumb -specs=redlib.specs -MMD -MP -MF"src/lcd_st7565s.d" -MT"src/lcd_st7565s.o" -MT"src/lcd_st7565s.d" -o "src/lcd_st7565s.o" "../src/lcd_st7565s.c"
Finished building: ../src/lcd_st7565s.c
 
Building file: ../src/lpc_phy_smsc87x0.c
Invoking: MCU C Compiler
arm-none-eabi-gcc -D__REDLIB__ -DDEBUG -D__CODE_RED -D__USE_LPCOPEN -DCORE_M4 -I"/home/nicozorza/LPCXpresso/TP_Final/Prueba_adc/lpc_chip_43xx/inc" -I"/home/nicozorza/LPCXpresso/TP_Final/Prueba_adc/lpc_board_nxp_lpcxpresso_4337/inc" -O0 -g3 -Wall -c -fmessage-length=0 -fno-builtin -ffunction-sections -fdata-sections -fsingle-precision-constant -mcpu=cortex-m4 -mfpu=fpv4-sp-d16 -mfloat-abi=softfp -mthumb -specs=redlib.specs -MMD -MP -MF"src/lpc_phy_smsc87x0.d" -MT"src/lpc_phy_smsc87x0.o" -MT"src/lpc_phy_smsc87x0.d" -o "src/lpc_phy_smsc87x0.o" "../src/lpc_phy_smsc87x0.c"
Finished building: ../src/lpc_phy_smsc87x0.c
 
Building file: ../src/wm8904.c
Invoking: MCU C Compiler
arm-none-eabi-gcc -D__REDLIB__ -DDEBUG -D__CODE_RED -D__USE_LPCOPEN -DCORE_M4 -I"/home/nicozorza/LPCXpresso/TP_Final/Prueba_adc/lpc_chip_43xx/inc" -I"/home/nicozorza/LPCXpresso/TP_Final/Prueba_adc/lpc_board_nxp_lpcxpresso_4337/inc" -O0 -g3 -Wall -c -fmessage-length=0 -fno-builtin -ffunction-sections -fdata-sections -fsingle-precision-constant -mcpu=cortex-m4 -mfpu=fpv4-sp-d16 -mfloat-abi=softfp -mthumb -specs=redlib.specs -MMD -MP -MF"src/wm8904.d" -MT"src/wm8904.o" -MT"src/wm8904.d" -o "src/wm8904.o" "../src/wm8904.c"
Finished building: ../src/wm8904.c
 
Building target: liblpc_board_nxp_lpcxpresso_4337.a
Invoking: MCU Archiver
arm-none-eabi-ar -r  "liblpc_board_nxp_lpcxpresso_4337.a"  ./src/board.o ./src/board_sysinit.o ./src/lcd_st7565s.o ./src/lpc_phy_smsc87x0.o ./src/wm8904.o   
arm-none-eabi-ar: creating liblpc_board_nxp_lpcxpresso_4337.a
Finished building target: liblpc_board_nxp_lpcxpresso_4337.a
 
make --no-print-directory post-build
Performing post-build steps
arm-none-eabi-size "liblpc_board_nxp_lpcxpresso_4337.a" ; # arm-none-eabi-objdump -h -S "liblpc_board_nxp_lpcxpresso_4337.a" >"liblpc_board_nxp_lpcxpresso_4337.lss"
   text	   data	    bss	    dec	    hex	filename
   2262	      0	      4	   2266	    8da	board.o (ex liblpc_board_nxp_lpcxpresso_4337.a)
    436	      0	      0	    436	    1b4	board_sysinit.o (ex liblpc_board_nxp_lpcxpresso_4337.a)
   1702	      4	   1044	   2750	    abe	lcd_st7565s.o (ex liblpc_board_nxp_lpcxpresso_4337.a)
    876	      0	     18	    894	    37e	lpc_phy_smsc87x0.o (ex liblpc_board_nxp_lpcxpresso_4337.a)
    796	      0	      0	    796	    31c	wm8904.o (ex liblpc_board_nxp_lpcxpresso_4337.a)
 
23:12:31 **** Clean-only build of configuration Debug for project lpc_chip_43xx ****
make -r clean 
rm -rf  ./src/adc_18xx_43xx.o ./src/aes_18xx_43xx.o ./src/atimer_18xx_43xx.o ./src/ccan_18xx_43xx.o ./src/chip_18xx_43xx.o ./src/clock_18xx_43xx.o ./src/dac_18xx_43xx.o ./src/eeprom_18xx_43xx.o ./src/emc_18xx_43xx.o ./src/enet_18xx_43xx.o ./src/evrt_18xx_43xx.o ./src/fpu_init.o ./src/gpdma_18xx_43xx.o ./src/gpio_18xx_43xx.o ./src/gpiogroup_18xx_43xx.o ./src/hsadc_18xx_43xx.o ./src/i2c_18xx_43xx.o ./src/i2cm_18xx_43xx.o ./src/i2s_18xx_43xx.o ./src/iap_18xx_43xx.o ./src/lcd_18xx_43xx.o ./src/otp_18xx_43xx.o ./src/pinint_18xx_43xx.o ./src/pmc_18xx_43xx.o ./src/ring_buffer.o ./src/ritimer_18xx_43xx.o ./src/rtc_18xx_43xx.o ./src/sct_18xx_43xx.o ./src/sct_pwm_18xx_43xx.o ./src/sdif_18xx_43xx.o ./src/sdio_18xx_43xx.o ./src/sdmmc_18xx_43xx.o ./src/spi_18xx_43xx.o ./src/ssp_18xx_43xx.o ./src/stopwatch_18xx_43xx.o ./src/sysinit_18xx_43xx.o ./src/timer_18xx_43xx.o ./src/uart_18xx_43xx.o ./src/wwdt_18xx_43xx.o  ./src/adc_18xx_43xx.d ./src/aes_18xx_43xx.d ./src/atimer_18xx_43xx.d ./src/ccan_18xx_43xx.d ./src/chip_18xx_43xx.d ./src/clock_18xx_43xx.d ./src/dac_18xx_43xx.d ./src/eeprom_18xx_43xx.d ./src/emc_18xx_43xx.d ./src/enet_18xx_43xx.d ./src/evrt_18xx_43xx.d ./src/fpu_init.d ./src/gpdma_18xx_43xx.d ./src/gpio_18xx_43xx.d ./src/gpiogroup_18xx_43xx.d ./src/hsadc_18xx_43xx.d ./src/i2c_18xx_43xx.d ./src/i2cm_18xx_43xx.d ./src/i2s_18xx_43xx.d ./src/iap_18xx_43xx.d ./src/lcd_18xx_43xx.d ./src/otp_18xx_43xx.d ./src/pinint_18xx_43xx.d ./src/pmc_18xx_43xx.d ./src/ring_buffer.d ./src/ritimer_18xx_43xx.d ./src/rtc_18xx_43xx.d ./src/sct_18xx_43xx.d ./src/sct_pwm_18xx_43xx.d ./src/sdif_18xx_43xx.d ./src/sdio_18xx_43xx.d ./src/sdmmc_18xx_43xx.d ./src/spi_18xx_43xx.d ./src/ssp_18xx_43xx.d ./src/stopwatch_18xx_43xx.d ./src/sysinit_18xx_43xx.d ./src/timer_18xx_43xx.d ./src/uart_18xx_43xx.d ./src/wwdt_18xx_43xx.d  liblpc_chip_43xx.a
 
23:12:31 **** Build of configuration Debug for project lpc_chip_43xx ****
make -r all 
Building file: ../src/adc_18xx_43xx.c
Invoking: MCU C Compiler
arm-none-eabi-gcc -D__REDLIB__ -DDEBUG -D__CODE_RED -D__USE_LPCOPEN -DCORE_M4 -I"/home/nicozorza/LPCXpresso/TP_Final/Prueba_adc/lpc_chip_43xx/inc" -O0 -g3 -Wall -c -fmessage-length=0 -fno-builtin -ffunction-sections -fdata-sections -fsingle-precision-constant -mcpu=cortex-m4 -mfpu=fpv4-sp-d16 -mfloat-abi=softfp -mthumb -specs=redlib.specs -MMD -MP -MF"src/adc_18xx_43xx.d" -MT"src/adc_18xx_43xx.o" -MT"src/adc_18xx_43xx.d" -o "src/adc_18xx_43xx.o" "../src/adc_18xx_43xx.c"
Finished building: ../src/adc_18xx_43xx.c
 
Building file: ../src/aes_18xx_43xx.c
Invoking: MCU C Compiler
arm-none-eabi-gcc -D__REDLIB__ -DDEBUG -D__CODE_RED -D__USE_LPCOPEN -DCORE_M4 -I"/home/nicozorza/LPCXpresso/TP_Final/Prueba_adc/lpc_chip_43xx/inc" -O0 -g3 -Wall -c -fmessage-length=0 -fno-builtin -ffunction-sections -fdata-sections -fsingle-precision-constant -mcpu=cortex-m4 -mfpu=fpv4-sp-d16 -mfloat-abi=softfp -mthumb -specs=redlib.specs -MMD -MP -MF"src/aes_18xx_43xx.d" -MT"src/aes_18xx_43xx.o" -MT"src/aes_18xx_43xx.d" -o "src/aes_18xx_43xx.o" "../src/aes_18xx_43xx.c"
Finished building: ../src/aes_18xx_43xx.c
 
Building file: ../src/atimer_18xx_43xx.c
Invoking: MCU C Compiler
arm-none-eabi-gcc -D__REDLIB__ -DDEBUG -D__CODE_RED -D__USE_LPCOPEN -DCORE_M4 -I"/home/nicozorza/LPCXpresso/TP_Final/Prueba_adc/lpc_chip_43xx/inc" -O0 -g3 -Wall -c -fmessage-length=0 -fno-builtin -ffunction-sections -fdata-sections -fsingle-precision-constant -mcpu=cortex-m4 -mfpu=fpv4-sp-d16 -mfloat-abi=softfp -mthumb -specs=redlib.specs -MMD -MP -MF"src/atimer_18xx_43xx.d" -MT"src/atimer_18xx_43xx.o" -MT"src/atimer_18xx_43xx.d" -o "src/atimer_18xx_43xx.o" "../src/atimer_18xx_43xx.c"
Finished building: ../src/atimer_18xx_43xx.c
 
Building file: ../src/ccan_18xx_43xx.c
Invoking: MCU C Compiler
arm-none-eabi-gcc -D__REDLIB__ -DDEBUG -D__CODE_RED -D__USE_LPCOPEN -DCORE_M4 -I"/home/nicozorza/LPCXpresso/TP_Final/Prueba_adc/lpc_chip_43xx/inc" -O0 -g3 -Wall -c -fmessage-length=0 -fno-builtin -ffunction-sections -fdata-sections -fsingle-precision-constant -mcpu=cortex-m4 -mfpu=fpv4-sp-d16 -mfloat-abi=softfp -mthumb -specs=redlib.specs -MMD -MP -MF"src/ccan_18xx_43xx.d" -MT"src/ccan_18xx_43xx.o" -MT"src/ccan_18xx_43xx.d" -o "src/ccan_18xx_43xx.o" "../src/ccan_18xx_43xx.c"
Finished building: ../src/ccan_18xx_43xx.c
 
Building file: ../src/chip_18xx_43xx.c
Invoking: MCU C Compiler
arm-none-eabi-gcc -D__REDLIB__ -DDEBUG -D__CODE_RED -D__USE_LPCOPEN -DCORE_M4 -I"/home/nicozorza/LPCXpresso/TP_Final/Prueba_adc/lpc_chip_43xx/inc" -O0 -g3 -Wall -c -fmessage-length=0 -fno-builtin -ffunction-sections -fdata-sections -fsingle-precision-constant -mcpu=cortex-m4 -mfpu=fpv4-sp-d16 -mfloat-abi=softfp -mthumb -specs=redlib.specs -MMD -MP -MF"src/chip_18xx_43xx.d" -MT"src/chip_18xx_43xx.o" -MT"src/chip_18xx_43xx.d" -o "src/chip_18xx_43xx.o" "../src/chip_18xx_43xx.c"
Finished building: ../src/chip_18xx_43xx.c
 
Building file: ../src/clock_18xx_43xx.c
Invoking: MCU C Compiler
arm-none-eabi-gcc -D__REDLIB__ -DDEBUG -D__CODE_RED -D__USE_LPCOPEN -DCORE_M4 -I"/home/nicozorza/LPCXpresso/TP_Final/Prueba_adc/lpc_chip_43xx/inc" -O0 -g3 -Wall -c -fmessage-length=0 -fno-builtin -ffunction-sections -fdata-sections -fsingle-precision-constant -mcpu=cortex-m4 -mfpu=fpv4-sp-d16 -mfloat-abi=softfp -mthumb -specs=redlib.specs -MMD -MP -MF"src/clock_18xx_43xx.d" -MT"src/clock_18xx_43xx.o" -MT"src/clock_18xx_43xx.d" -o "src/clock_18xx_43xx.o" "../src/clock_18xx_43xx.c"
Finished building: ../src/clock_18xx_43xx.c
 
Building file: ../src/dac_18xx_43xx.c
Invoking: MCU C Compiler
arm-none-eabi-gcc -D__REDLIB__ -DDEBUG -D__CODE_RED -D__USE_LPCOPEN -DCORE_M4 -I"/home/nicozorza/LPCXpresso/TP_Final/Prueba_adc/lpc_chip_43xx/inc" -O0 -g3 -Wall -c -fmessage-length=0 -fno-builtin -ffunction-sections -fdata-sections -fsingle-precision-constant -mcpu=cortex-m4 -mfpu=fpv4-sp-d16 -mfloat-abi=softfp -mthumb -specs=redlib.specs -MMD -MP -MF"src/dac_18xx_43xx.d" -MT"src/dac_18xx_43xx.o" -MT"src/dac_18xx_43xx.d" -o "src/dac_18xx_43xx.o" "../src/dac_18xx_43xx.c"
Finished building: ../src/dac_18xx_43xx.c
 
Building file: ../src/eeprom_18xx_43xx.c
Invoking: MCU C Compiler
arm-none-eabi-gcc -D__REDLIB__ -DDEBUG -D__CODE_RED -D__USE_LPCOPEN -DCORE_M4 -I"/home/nicozorza/LPCXpresso/TP_Final/Prueba_adc/lpc_chip_43xx/inc" -O0 -g3 -Wall -c -fmessage-length=0 -fno-builtin -ffunction-sections -fdata-sections -fsingle-precision-constant -mcpu=cortex-m4 -mfpu=fpv4-sp-d16 -mfloat-abi=softfp -mthumb -specs=redlib.specs -MMD -MP -MF"src/eeprom_18xx_43xx.d" -MT"src/eeprom_18xx_43xx.o" -MT"src/eeprom_18xx_43xx.d" -o "src/eeprom_18xx_43xx.o" "../src/eeprom_18xx_43xx.c"
Finished building: ../src/eeprom_18xx_43xx.c
 
Building file: ../src/emc_18xx_43xx.c
Invoking: MCU C Compiler
arm-none-eabi-gcc -D__REDLIB__ -DDEBUG -D__CODE_RED -D__USE_LPCOPEN -DCORE_M4 -I"/home/nicozorza/LPCXpresso/TP_Final/Prueba_adc/lpc_chip_43xx/inc" -O0 -g3 -Wall -c -fmessage-length=0 -fno-builtin -ffunction-sections -fdata-sections -fsingle-precision-constant -mcpu=cortex-m4 -mfpu=fpv4-sp-d16 -mfloat-abi=softfp -mthumb -specs=redlib.specs -MMD -MP -MF"src/emc_18xx_43xx.d" -MT"src/emc_18xx_43xx.o" -MT"src/emc_18xx_43xx.d" -o "src/emc_18xx_43xx.o" "../src/emc_18xx_43xx.c"
Finished building: ../src/emc_18xx_43xx.c
 
Building file: ../src/enet_18xx_43xx.c
Invoking: MCU C Compiler
arm-none-eabi-gcc -D__REDLIB__ -DDEBUG -D__CODE_RED -D__USE_LPCOPEN -DCORE_M4 -I"/home/nicozorza/LPCXpresso/TP_Final/Prueba_adc/lpc_chip_43xx/inc" -O0 -g3 -Wall -c -fmessage-length=0 -fno-builtin -ffunction-sections -fdata-sections -fsingle-precision-constant -mcpu=cortex-m4 -mfpu=fpv4-sp-d16 -mfloat-abi=softfp -mthumb -specs=redlib.specs -MMD -MP -MF"src/enet_18xx_43xx.d" -MT"src/enet_18xx_43xx.o" -MT"src/enet_18xx_43xx.d" -o "src/enet_18xx_43xx.o" "../src/enet_18xx_43xx.c"
Finished building: ../src/enet_18xx_43xx.c
 
Building file: ../src/evrt_18xx_43xx.c
Invoking: MCU C Compiler
arm-none-eabi-gcc -D__REDLIB__ -DDEBUG -D__CODE_RED -D__USE_LPCOPEN -DCORE_M4 -I"/home/nicozorza/LPCXpresso/TP_Final/Prueba_adc/lpc_chip_43xx/inc" -O0 -g3 -Wall -c -fmessage-length=0 -fno-builtin -ffunction-sections -fdata-sections -fsingle-precision-constant -mcpu=cortex-m4 -mfpu=fpv4-sp-d16 -mfloat-abi=softfp -mthumb -specs=redlib.specs -MMD -MP -MF"src/evrt_18xx_43xx.d" -MT"src/evrt_18xx_43xx.o" -MT"src/evrt_18xx_43xx.d" -o "src/evrt_18xx_43xx.o" "../src/evrt_18xx_43xx.c"
Finished building: ../src/evrt_18xx_43xx.c
 
Building file: ../src/fpu_init.c
Invoking: MCU C Compiler
arm-none-eabi-gcc -D__REDLIB__ -DDEBUG -D__CODE_RED -D__USE_LPCOPEN -DCORE_M4 -I"/home/nicozorza/LPCXpresso/TP_Final/Prueba_adc/lpc_chip_43xx/inc" -O0 -g3 -Wall -c -fmessage-length=0 -fno-builtin -ffunction-sections -fdata-sections -fsingle-precision-constant -mcpu=cortex-m4 -mfpu=fpv4-sp-d16 -mfloat-abi=softfp -mthumb -specs=redlib.specs -MMD -MP -MF"src/fpu_init.d" -MT"src/fpu_init.o" -MT"src/fpu_init.d" -o "src/fpu_init.o" "../src/fpu_init.c"
Finished building: ../src/fpu_init.c
 
Building file: ../src/gpdma_18xx_43xx.c
Invoking: MCU C Compiler
arm-none-eabi-gcc -D__REDLIB__ -DDEBUG -D__CODE_RED -D__USE_LPCOPEN -DCORE_M4 -I"/home/nicozorza/LPCXpresso/TP_Final/Prueba_adc/lpc_chip_43xx/inc" -O0 -g3 -Wall -c -fmessage-length=0 -fno-builtin -ffunction-sections -fdata-sections -fsingle-precision-constant -mcpu=cortex-m4 -mfpu=fpv4-sp-d16 -mfloat-abi=softfp -mthumb -specs=redlib.specs -MMD -MP -MF"src/gpdma_18xx_43xx.d" -MT"src/gpdma_18xx_43xx.o" -MT"src/gpdma_18xx_43xx.d" -o "src/gpdma_18xx_43xx.o" "../src/gpdma_18xx_43xx.c"
Finished building: ../src/gpdma_18xx_43xx.c
 
Building file: ../src/gpio_18xx_43xx.c
Invoking: MCU C Compiler
arm-none-eabi-gcc -D__REDLIB__ -DDEBUG -D__CODE_RED -D__USE_LPCOPEN -DCORE_M4 -I"/home/nicozorza/LPCXpresso/TP_Final/Prueba_adc/lpc_chip_43xx/inc" -O0 -g3 -Wall -c -fmessage-length=0 -fno-builtin -ffunction-sections -fdata-sections -fsingle-precision-constant -mcpu=cortex-m4 -mfpu=fpv4-sp-d16 -mfloat-abi=softfp -mthumb -specs=redlib.specs -MMD -MP -MF"src/gpio_18xx_43xx.d" -MT"src/gpio_18xx_43xx.o" -MT"src/gpio_18xx_43xx.d" -o "src/gpio_18xx_43xx.o" "../src/gpio_18xx_43xx.c"
Finished building: ../src/gpio_18xx_43xx.c
 
Building file: ../src/gpiogroup_18xx_43xx.c
Invoking: MCU C Compiler
arm-none-eabi-gcc -D__REDLIB__ -DDEBUG -D__CODE_RED -D__USE_LPCOPEN -DCORE_M4 -I"/home/nicozorza/LPCXpresso/TP_Final/Prueba_adc/lpc_chip_43xx/inc" -O0 -g3 -Wall -c -fmessage-length=0 -fno-builtin -ffunction-sections -fdata-sections -fsingle-precision-constant -mcpu=cortex-m4 -mfpu=fpv4-sp-d16 -mfloat-abi=softfp -mthumb -specs=redlib.specs -MMD -MP -MF"src/gpiogroup_18xx_43xx.d" -MT"src/gpiogroup_18xx_43xx.o" -MT"src/gpiogroup_18xx_43xx.d" -o "src/gpiogroup_18xx_43xx.o" "../src/gpiogroup_18xx_43xx.c"
Finished building: ../src/gpiogroup_18xx_43xx.c
 
Building file: ../src/hsadc_18xx_43xx.c
Invoking: MCU C Compiler
arm-none-eabi-gcc -D__REDLIB__ -DDEBUG -D__CODE_RED -D__USE_LPCOPEN -DCORE_M4 -I"/home/nicozorza/LPCXpresso/TP_Final/Prueba_adc/lpc_chip_43xx/inc" -O0 -g3 -Wall -c -fmessage-length=0 -fno-builtin -ffunction-sections -fdata-sections -fsingle-precision-constant -mcpu=cortex-m4 -mfpu=fpv4-sp-d16 -mfloat-abi=softfp -mthumb -specs=redlib.specs -MMD -MP -MF"src/hsadc_18xx_43xx.d" -MT"src/hsadc_18xx_43xx.o" -MT"src/hsadc_18xx_43xx.d" -o "src/hsadc_18xx_43xx.o" "../src/hsadc_18xx_43xx.c"
Finished building: ../src/hsadc_18xx_43xx.c
 
Building file: ../src/i2c_18xx_43xx.c
Invoking: MCU C Compiler
arm-none-eabi-gcc -D__REDLIB__ -DDEBUG -D__CODE_RED -D__USE_LPCOPEN -DCORE_M4 -I"/home/nicozorza/LPCXpresso/TP_Final/Prueba_adc/lpc_chip_43xx/inc" -O0 -g3 -Wall -c -fmessage-length=0 -fno-builtin -ffunction-sections -fdata-sections -fsingle-precision-constant -mcpu=cortex-m4 -mfpu=fpv4-sp-d16 -mfloat-abi=softfp -mthumb -specs=redlib.specs -MMD -MP -MF"src/i2c_18xx_43xx.d" -MT"src/i2c_18xx_43xx.o" -MT"src/i2c_18xx_43xx.d" -o "src/i2c_18xx_43xx.o" "../src/i2c_18xx_43xx.c"
Finished building: ../src/i2c_18xx_43xx.c
 
Building file: ../src/i2cm_18xx_43xx.c
Invoking: MCU C Compiler
arm-none-eabi-gcc -D__REDLIB__ -DDEBUG -D__CODE_RED -D__USE_LPCOPEN -DCORE_M4 -I"/home/nicozorza/LPCXpresso/TP_Final/Prueba_adc/lpc_chip_43xx/inc" -O0 -g3 -Wall -c -fmessage-length=0 -fno-builtin -ffunction-sections -fdata-sections -fsingle-precision-constant -mcpu=cortex-m4 -mfpu=fpv4-sp-d16 -mfloat-abi=softfp -mthumb -specs=redlib.specs -MMD -MP -MF"src/i2cm_18xx_43xx.d" -MT"src/i2cm_18xx_43xx.o" -MT"src/i2cm_18xx_43xx.d" -o "src/i2cm_18xx_43xx.o" "../src/i2cm_18xx_43xx.c"
Finished building: ../src/i2cm_18xx_43xx.c
 
Building file: ../src/i2s_18xx_43xx.c
Invoking: MCU C Compiler
arm-none-eabi-gcc -D__REDLIB__ -DDEBUG -D__CODE_RED -D__USE_LPCOPEN -DCORE_M4 -I"/home/nicozorza/LPCXpresso/TP_Final/Prueba_adc/lpc_chip_43xx/inc" -O0 -g3 -Wall -c -fmessage-length=0 -fno-builtin -ffunction-sections -fdata-sections -fsingle-precision-constant -mcpu=cortex-m4 -mfpu=fpv4-sp-d16 -mfloat-abi=softfp -mthumb -specs=redlib.specs -MMD -MP -MF"src/i2s_18xx_43xx.d" -MT"src/i2s_18xx_43xx.o" -MT"src/i2s_18xx_43xx.d" -o "src/i2s_18xx_43xx.o" "../src/i2s_18xx_43xx.c"
Finished building: ../src/i2s_18xx_43xx.c
 
Building file: ../src/iap_18xx_43xx.c
Invoking: MCU C Compiler
arm-none-eabi-gcc -D__REDLIB__ -DDEBUG -D__CODE_RED -D__USE_LPCOPEN -DCORE_M4 -I"/home/nicozorza/LPCXpresso/TP_Final/Prueba_adc/lpc_chip_43xx/inc" -O0 -g3 -Wall -c -fmessage-length=0 -fno-builtin -ffunction-sections -fdata-sections -fsingle-precision-constant -mcpu=cortex-m4 -mfpu=fpv4-sp-d16 -mfloat-abi=softfp -mthumb -specs=redlib.specs -MMD -MP -MF"src/iap_18xx_43xx.d" -MT"src/iap_18xx_43xx.o" -MT"src/iap_18xx_43xx.d" -o "src/iap_18xx_43xx.o" "../src/iap_18xx_43xx.c"
Finished building: ../src/iap_18xx_43xx.c
 
Building file: ../src/lcd_18xx_43xx.c
Invoking: MCU C Compiler
arm-none-eabi-gcc -D__REDLIB__ -DDEBUG -D__CODE_RED -D__USE_LPCOPEN -DCORE_M4 -I"/home/nicozorza/LPCXpresso/TP_Final/Prueba_adc/lpc_chip_43xx/inc" -O0 -g3 -Wall -c -fmessage-length=0 -fno-builtin -ffunction-sections -fdata-sections -fsingle-precision-constant -mcpu=cortex-m4 -mfpu=fpv4-sp-d16 -mfloat-abi=softfp -mthumb -specs=redlib.specs -MMD -MP -MF"src/lcd_18xx_43xx.d" -MT"src/lcd_18xx_43xx.o" -MT"src/lcd_18xx_43xx.d" -o "src/lcd_18xx_43xx.o" "../src/lcd_18xx_43xx.c"
Finished building: ../src/lcd_18xx_43xx.c
 
Building file: ../src/otp_18xx_43xx.c
Invoking: MCU C Compiler
arm-none-eabi-gcc -D__REDLIB__ -DDEBUG -D__CODE_RED -D__USE_LPCOPEN -DCORE_M4 -I"/home/nicozorza/LPCXpresso/TP_Final/Prueba_adc/lpc_chip_43xx/inc" -O0 -g3 -Wall -c -fmessage-length=0 -fno-builtin -ffunction-sections -fdata-sections -fsingle-precision-constant -mcpu=cortex-m4 -mfpu=fpv4-sp-d16 -mfloat-abi=softfp -mthumb -specs=redlib.specs -MMD -MP -MF"src/otp_18xx_43xx.d" -MT"src/otp_18xx_43xx.o" -MT"src/otp_18xx_43xx.d" -o "src/otp_18xx_43xx.o" "../src/otp_18xx_43xx.c"
Finished building: ../src/otp_18xx_43xx.c
 
Building file: ../src/pinint_18xx_43xx.c
Invoking: MCU C Compiler
arm-none-eabi-gcc -D__REDLIB__ -DDEBUG -D__CODE_RED -D__USE_LPCOPEN -DCORE_M4 -I"/home/nicozorza/LPCXpresso/TP_Final/Prueba_adc/lpc_chip_43xx/inc" -O0 -g3 -Wall -c -fmessage-length=0 -fno-builtin -ffunction-sections -fdata-sections -fsingle-precision-constant -mcpu=cortex-m4 -mfpu=fpv4-sp-d16 -mfloat-abi=softfp -mthumb -specs=redlib.specs -MMD -MP -MF"src/pinint_18xx_43xx.d" -MT"src/pinint_18xx_43xx.o" -MT"src/pinint_18xx_43xx.d" -o "src/pinint_18xx_43xx.o" "../src/pinint_18xx_43xx.c"
Finished building: ../src/pinint_18xx_43xx.c
 
Building file: ../src/pmc_18xx_43xx.c
Invoking: MCU C Compiler
arm-none-eabi-gcc -D__REDLIB__ -DDEBUG -D__CODE_RED -D__USE_LPCOPEN -DCORE_M4 -I"/home/nicozorza/LPCXpresso/TP_Final/Prueba_adc/lpc_chip_43xx/inc" -O0 -g3 -Wall -c -fmessage-length=0 -fno-builtin -ffunction-sections -fdata-sections -fsingle-precision-constant -mcpu=cortex-m4 -mfpu=fpv4-sp-d16 -mfloat-abi=softfp -mthumb -specs=redlib.specs -MMD -MP -MF"src/pmc_18xx_43xx.d" -MT"src/pmc_18xx_43xx.o" -MT"src/pmc_18xx_43xx.d" -o "src/pmc_18xx_43xx.o" "../src/pmc_18xx_43xx.c"
Finished building: ../src/pmc_18xx_43xx.c
 
Building file: ../src/ring_buffer.c
Invoking: MCU C Compiler
arm-none-eabi-gcc -D__REDLIB__ -DDEBUG -D__CODE_RED -D__USE_LPCOPEN -DCORE_M4 -I"/home/nicozorza/LPCXpresso/TP_Final/Prueba_adc/lpc_chip_43xx/inc" -O0 -g3 -Wall -c -fmessage-length=0 -fno-builtin -ffunction-sections -fdata-sections -fsingle-precision-constant -mcpu=cortex-m4 -mfpu=fpv4-sp-d16 -mfloat-abi=softfp -mthumb -specs=redlib.specs -MMD -MP -MF"src/ring_buffer.d" -MT"src/ring_buffer.o" -MT"src/ring_buffer.d" -o "src/ring_buffer.o" "../src/ring_buffer.c"
Finished building: ../src/ring_buffer.c
 
Building file: ../src/ritimer_18xx_43xx.c
Invoking: MCU C Compiler
arm-none-eabi-gcc -D__REDLIB__ -DDEBUG -D__CODE_RED -D__USE_LPCOPEN -DCORE_M4 -I"/home/nicozorza/LPCXpresso/TP_Final/Prueba_adc/lpc_chip_43xx/inc" -O0 -g3 -Wall -c -fmessage-length=0 -fno-builtin -ffunction-sections -fdata-sections -fsingle-precision-constant -mcpu=cortex-m4 -mfpu=fpv4-sp-d16 -mfloat-abi=softfp -mthumb -specs=redlib.specs -MMD -MP -MF"src/ritimer_18xx_43xx.d" -MT"src/ritimer_18xx_43xx.o" -MT"src/ritimer_18xx_43xx.d" -o "src/ritimer_18xx_43xx.o" "../src/ritimer_18xx_43xx.c"
Finished building: ../src/ritimer_18xx_43xx.c
 
Building file: ../src/rtc_18xx_43xx.c
Invoking: MCU C Compiler
arm-none-eabi-gcc -D__REDLIB__ -DDEBUG -D__CODE_RED -D__USE_LPCOPEN -DCORE_M4 -I"/home/nicozorza/LPCXpresso/TP_Final/Prueba_adc/lpc_chip_43xx/inc" -O0 -g3 -Wall -c -fmessage-length=0 -fno-builtin -ffunction-sections -fdata-sections -fsingle-precision-constant -mcpu=cortex-m4 -mfpu=fpv4-sp-d16 -mfloat-abi=softfp -mthumb -specs=redlib.specs -MMD -MP -MF"src/rtc_18xx_43xx.d" -MT"src/rtc_18xx_43xx.o" -MT"src/rtc_18xx_43xx.d" -o "src/rtc_18xx_43xx.o" "../src/rtc_18xx_43xx.c"
Finished building: ../src/rtc_18xx_43xx.c
 
Building file: ../src/sct_18xx_43xx.c
Invoking: MCU C Compiler
arm-none-eabi-gcc -D__REDLIB__ -DDEBUG -D__CODE_RED -D__USE_LPCOPEN -DCORE_M4 -I"/home/nicozorza/LPCXpresso/TP_Final/Prueba_adc/lpc_chip_43xx/inc" -O0 -g3 -Wall -c -fmessage-length=0 -fno-builtin -ffunction-sections -fdata-sections -fsingle-precision-constant -mcpu=cortex-m4 -mfpu=fpv4-sp-d16 -mfloat-abi=softfp -mthumb -specs=redlib.specs -MMD -MP -MF"src/sct_18xx_43xx.d" -MT"src/sct_18xx_43xx.o" -MT"src/sct_18xx_43xx.d" -o "src/sct_18xx_43xx.o" "../src/sct_18xx_43xx.c"
Finished building: ../src/sct_18xx_43xx.c
 
Building file: ../src/sct_pwm_18xx_43xx.c
Invoking: MCU C Compiler
arm-none-eabi-gcc -D__REDLIB__ -DDEBUG -D__CODE_RED -D__USE_LPCOPEN -DCORE_M4 -I"/home/nicozorza/LPCXpresso/TP_Final/Prueba_adc/lpc_chip_43xx/inc" -O0 -g3 -Wall -c -fmessage-length=0 -fno-builtin -ffunction-sections -fdata-sections -fsingle-precision-constant -mcpu=cortex-m4 -mfpu=fpv4-sp-d16 -mfloat-abi=softfp -mthumb -specs=redlib.specs -MMD -MP -MF"src/sct_pwm_18xx_43xx.d" -MT"src/sct_pwm_18xx_43xx.o" -MT"src/sct_pwm_18xx_43xx.d" -o "src/sct_pwm_18xx_43xx.o" "../src/sct_pwm_18xx_43xx.c"
Finished building: ../src/sct_pwm_18xx_43xx.c
 
Building file: ../src/sdif_18xx_43xx.c
Invoking: MCU C Compiler
arm-none-eabi-gcc -D__REDLIB__ -DDEBUG -D__CODE_RED -D__USE_LPCOPEN -DCORE_M4 -I"/home/nicozorza/LPCXpresso/TP_Final/Prueba_adc/lpc_chip_43xx/inc" -O0 -g3 -Wall -c -fmessage-length=0 -fno-builtin -ffunction-sections -fdata-sections -fsingle-precision-constant -mcpu=cortex-m4 -mfpu=fpv4-sp-d16 -mfloat-abi=softfp -mthumb -specs=redlib.specs -MMD -MP -MF"src/sdif_18xx_43xx.d" -MT"src/sdif_18xx_43xx.o" -MT"src/sdif_18xx_43xx.d" -o "src/sdif_18xx_43xx.o" "../src/sdif_18xx_43xx.c"
Finished building: ../src/sdif_18xx_43xx.c
 
Building file: ../src/sdio_18xx_43xx.c
Invoking: MCU C Compiler
arm-none-eabi-gcc -D__REDLIB__ -DDEBUG -D__CODE_RED -D__USE_LPCOPEN -DCORE_M4 -I"/home/nicozorza/LPCXpresso/TP_Final/Prueba_adc/lpc_chip_43xx/inc" -O0 -g3 -Wall -c -fmessage-length=0 -fno-builtin -ffunction-sections -fdata-sections -fsingle-precision-constant -mcpu=cortex-m4 -mfpu=fpv4-sp-d16 -mfloat-abi=softfp -mthumb -specs=redlib.specs -MMD -MP -MF"src/sdio_18xx_43xx.d" -MT"src/sdio_18xx_43xx.o" -MT"src/sdio_18xx_43xx.d" -o "src/sdio_18xx_43xx.o" "../src/sdio_18xx_43xx.c"
Finished building: ../src/sdio_18xx_43xx.c
 
Building file: ../src/sdmmc_18xx_43xx.c
Invoking: MCU C Compiler
arm-none-eabi-gcc -D__REDLIB__ -DDEBUG -D__CODE_RED -D__USE_LPCOPEN -DCORE_M4 -I"/home/nicozorza/LPCXpresso/TP_Final/Prueba_adc/lpc_chip_43xx/inc" -O0 -g3 -Wall -c -fmessage-length=0 -fno-builtin -ffunction-sections -fdata-sections -fsingle-precision-constant -mcpu=cortex-m4 -mfpu=fpv4-sp-d16 -mfloat-abi=softfp -mthumb -specs=redlib.specs -MMD -MP -MF"src/sdmmc_18xx_43xx.d" -MT"src/sdmmc_18xx_43xx.o" -MT"src/sdmmc_18xx_43xx.d" -o "src/sdmmc_18xx_43xx.o" "../src/sdmmc_18xx_43xx.c"
Finished building: ../src/sdmmc_18xx_43xx.c
 
Building file: ../src/spi_18xx_43xx.c
Invoking: MCU C Compiler
arm-none-eabi-gcc -D__REDLIB__ -DDEBUG -D__CODE_RED -D__USE_LPCOPEN -DCORE_M4 -I"/home/nicozorza/LPCXpresso/TP_Final/Prueba_adc/lpc_chip_43xx/inc" -O0 -g3 -Wall -c -fmessage-length=0 -fno-builtin -ffunction-sections -fdata-sections -fsingle-precision-constant -mcpu=cortex-m4 -mfpu=fpv4-sp-d16 -mfloat-abi=softfp -mthumb -specs=redlib.specs -MMD -MP -MF"src/spi_18xx_43xx.d" -MT"src/spi_18xx_43xx.o" -MT"src/spi_18xx_43xx.d" -o "src/spi_18xx_43xx.o" "../src/spi_18xx_43xx.c"
../src/spi_18xx_43xx.c: In function 'Chip_SPI_Int_FlushData':
../src/spi_18xx_43xx.c:138:20: warning: variable 'tmp' set but not used [-Wunused-but-set-variable]
  volatile uint32_t tmp;
                    ^
Finished building: ../src/spi_18xx_43xx.c
 
Building file: ../src/ssp_18xx_43xx.c
Invoking: MCU C Compiler
arm-none-eabi-gcc -D__REDLIB__ -DDEBUG -D__CODE_RED -D__USE_LPCOPEN -DCORE_M4 -I"/home/nicozorza/LPCXpresso/TP_Final/Prueba_adc/lpc_chip_43xx/inc" -O0 -g3 -Wall -c -fmessage-length=0 -fno-builtin -ffunction-sections -fdata-sections -fsingle-precision-constant -mcpu=cortex-m4 -mfpu=fpv4-sp-d16 -mfloat-abi=softfp -mthumb -specs=redlib.specs -MMD -MP -MF"src/ssp_18xx_43xx.d" -MT"src/ssp_18xx_43xx.o" -MT"src/ssp_18xx_43xx.d" -o "src/ssp_18xx_43xx.o" "../src/ssp_18xx_43xx.c"
Finished building: ../src/ssp_18xx_43xx.c
 
Building file: ../src/stopwatch_18xx_43xx.c
Invoking: MCU C Compiler
arm-none-eabi-gcc -D__REDLIB__ -DDEBUG -D__CODE_RED -D__USE_LPCOPEN -DCORE_M4 -I"/home/nicozorza/LPCXpresso/TP_Final/Prueba_adc/lpc_chip_43xx/inc" -O0 -g3 -Wall -c -fmessage-length=0 -fno-builtin -ffunction-sections -fdata-sections -fsingle-precision-constant -mcpu=cortex-m4 -mfpu=fpv4-sp-d16 -mfloat-abi=softfp -mthumb -specs=redlib.specs -MMD -MP -MF"src/stopwatch_18xx_43xx.d" -MT"src/stopwatch_18xx_43xx.o" -MT"src/stopwatch_18xx_43xx.d" -o "src/stopwatch_18xx_43xx.o" "../src/stopwatch_18xx_43xx.c"
Finished building: ../src/stopwatch_18xx_43xx.c
 
Building file: ../src/sysinit_18xx_43xx.c
Invoking: MCU C Compiler
arm-none-eabi-gcc -D__REDLIB__ -DDEBUG -D__CODE_RED -D__USE_LPCOPEN -DCORE_M4 -I"/home/nicozorza/LPCXpresso/TP_Final/Prueba_adc/lpc_chip_43xx/inc" -O0 -g3 -Wall -c -fmessage-length=0 -fno-builtin -ffunction-sections -fdata-sections -fsingle-precision-constant -mcpu=cortex-m4 -mfpu=fpv4-sp-d16 -mfloat-abi=softfp -mthumb -specs=redlib.specs -MMD -MP -MF"src/sysinit_18xx_43xx.d" -MT"src/sysinit_18xx_43xx.o" -MT"src/sysinit_18xx_43xx.d" -o "src/sysinit_18xx_43xx.o" "../src/sysinit_18xx_43xx.c"
Finished building: ../src/sysinit_18xx_43xx.c
 
Building file: ../src/timer_18xx_43xx.c
Invoking: MCU C Compiler
arm-none-eabi-gcc -D__REDLIB__ -DDEBUG -D__CODE_RED -D__USE_LPCOPEN -DCORE_M4 -I"/home/nicozorza/LPCXpresso/TP_Final/Prueba_adc/lpc_chip_43xx/inc" -O0 -g3 -Wall -c -fmessage-length=0 -fno-builtin -ffunction-sections -fdata-sections -fsingle-precision-constant -mcpu=cortex-m4 -mfpu=fpv4-sp-d16 -mfloat-abi=softfp -mthumb -specs=redlib.specs -MMD -MP -MF"src/timer_18xx_43xx.d" -MT"src/timer_18xx_43xx.o" -MT"src/timer_18xx_43xx.d" -o "src/timer_18xx_43xx.o" "../src/timer_18xx_43xx.c"
Finished building: ../src/timer_18xx_43xx.c
 
Building file: ../src/uart_18xx_43xx.c
Invoking: MCU C Compiler
arm-none-eabi-gcc -D__REDLIB__ -DDEBUG -D__CODE_RED -D__USE_LPCOPEN -DCORE_M4 -I"/home/nicozorza/LPCXpresso/TP_Final/Prueba_adc/lpc_chip_43xx/inc" -O0 -g3 -Wall -c -fmessage-length=0 -fno-builtin -ffunction-sections -fdata-sections -fsingle-precision-constant -mcpu=cortex-m4 -mfpu=fpv4-sp-d16 -mfloat-abi=softfp -mthumb -specs=redlib.specs -MMD -MP -MF"src/uart_18xx_43xx.d" -MT"src/uart_18xx_43xx.o" -MT"src/uart_18xx_43xx.d" -o "src/uart_18xx_43xx.o" "../src/uart_18xx_43xx.c"
../src/uart_18xx_43xx.c: In function 'Chip_UART_Init':
../src/uart_18xx_43xx.c:98:23: warning: variable 'tmp' set but not used [-Wunused-but-set-variable]
     volatile uint32_t tmp;
                       ^
Finished building: ../src/uart_18xx_43xx.c
 
Building file: ../src/wwdt_18xx_43xx.c
Invoking: MCU C Compiler
arm-none-eabi-gcc -D__REDLIB__ -DDEBUG -D__CODE_RED -D__USE_LPCOPEN -DCORE_M4 -I"/home/nicozorza/LPCXpresso/TP_Final/Prueba_adc/lpc_chip_43xx/inc" -O0 -g3 -Wall -c -fmessage-length=0 -fno-builtin -ffunction-sections -fdata-sections -fsingle-precision-constant -mcpu=cortex-m4 -mfpu=fpv4-sp-d16 -mfloat-abi=softfp -mthumb -specs=redlib.specs -MMD -MP -MF"src/wwdt_18xx_43xx.d" -MT"src/wwdt_18xx_43xx.o" -MT"src/wwdt_18xx_43xx.d" -o "src/wwdt_18xx_43xx.o" "../src/wwdt_18xx_43xx.c"
Finished building: ../src/wwdt_18xx_43xx.c
 
Building target: liblpc_chip_43xx.a
Invoking: MCU Archiver
arm-none-eabi-ar -r  "liblpc_chip_43xx.a"  ./src/adc_18xx_43xx.o ./src/aes_18xx_43xx.o ./src/atimer_18xx_43xx.o ./src/ccan_18xx_43xx.o ./src/chip_18xx_43xx.o ./src/clock_18xx_43xx.o ./src/dac_18xx_43xx.o ./src/eeprom_18xx_43xx.o ./src/emc_18xx_43xx.o ./src/enet_18xx_43xx.o ./src/evrt_18xx_43xx.o ./src/fpu_init.o ./src/gpdma_18xx_43xx.o ./src/gpio_18xx_43xx.o ./src/gpiogroup_18xx_43xx.o ./src/hsadc_18xx_43xx.o ./src/i2c_18xx_43xx.o ./src/i2cm_18xx_43xx.o ./src/i2s_18xx_43xx.o ./src/iap_18xx_43xx.o ./src/lcd_18xx_43xx.o ./src/otp_18xx_43xx.o ./src/pinint_18xx_43xx.o ./src/pmc_18xx_43xx.o ./src/ring_buffer.o ./src/ritimer_18xx_43xx.o ./src/rtc_18xx_43xx.o ./src/sct_18xx_43xx.o ./src/sct_pwm_18xx_43xx.o ./src/sdif_18xx_43xx.o ./src/sdio_18xx_43xx.o ./src/sdmmc_18xx_43xx.o ./src/spi_18xx_43xx.o ./src/ssp_18xx_43xx.o ./src/stopwatch_18xx_43xx.o ./src/sysinit_18xx_43xx.o ./src/timer_18xx_43xx.o ./src/uart_18xx_43xx.o ./src/wwdt_18xx_43xx.o   
arm-none-eabi-ar: creating liblpc_chip_43xx.a
Finished building target: liblpc_chip_43xx.a
 
make --no-print-directory post-build
Performing post-build steps
arm-none-eabi-size "liblpc_chip_43xx.a" ; # arm-none-eabi-objdump -h -S "liblpc_chip_43xx.a" >"liblpc_chip_43xx.lss"
   text	   data	    bss	    dec	    hex	filename
   1116	      0	      0	   1116	    45c	adc_18xx_43xx.o (ex liblpc_chip_43xx.a)
    656	      0	     56	    712	    2c8	aes_18xx_43xx.o (ex liblpc_chip_43xx.a)
    144	      0	      0	    144	     90	atimer_18xx_43xx.o (ex liblpc_chip_43xx.a)
   2084	      0	      0	   2084	    824	ccan_18xx_43xx.o (ex liblpc_chip_43xx.a)
    268	      0	      0	    268	    10c	chip_18xx_43xx.o (ex liblpc_chip_43xx.a)
   4322	      0	      8	   4330	   10ea	clock_18xx_43xx.o (ex liblpc_chip_43xx.a)
    164	      0	      0	    164	     a4	dac_18xx_43xx.o (ex liblpc_chip_43xx.a)
    380	      0	      0	    380	    17c	eeprom_18xx_43xx.o (ex liblpc_chip_43xx.a)
   1476	      0	      0	   1476	    5c4	emc_18xx_43xx.o (ex liblpc_chip_43xx.a)
    848	      0	      4	    852	    354	enet_18xx_43xx.o (ex liblpc_chip_43xx.a)
    428	      0	      0	    428	    1ac	evrt_18xx_43xx.o (ex liblpc_chip_43xx.a)
    116	      0	      0	    116	     74	fpu_init.o (ex liblpc_chip_43xx.a)
   2692	    120	      8	   2820	    b04	gpdma_18xx_43xx.o (ex liblpc_chip_43xx.a)
    632	      0	      0	    632	    278	gpio_18xx_43xx.o (ex liblpc_chip_43xx.a)
      0	      0	      0	      0	      0	gpiogroup_18xx_43xx.o (ex liblpc_chip_43xx.a)
    832	      0	      0	    832	    340	hsadc_18xx_43xx.o (ex liblpc_chip_43xx.a)
   3668	     56	     80	   3804	    edc	i2c_18xx_43xx.o (ex liblpc_chip_43xx.a)
   1704	      0	      0	   1704	    6a8	i2cm_18xx_43xx.o (ex liblpc_chip_43xx.a)
   1340	      0	      0	   1340	    53c	i2s_18xx_43xx.o (ex liblpc_chip_43xx.a)
    652	      0	      0	    652	    28c	iap_18xx_43xx.o (ex liblpc_chip_43xx.a)
    940	      1	      0	    941	    3ad	lcd_18xx_43xx.o (ex liblpc_chip_43xx.a)
    464	      0	     40	    504	    1f8	otp_18xx_43xx.o (ex liblpc_chip_43xx.a)
      0	      0	      0	      0	      0	pinint_18xx_43xx.o (ex liblpc_chip_43xx.a)
     60	      0	      0	     60	     3c	pmc_18xx_43xx.o (ex liblpc_chip_43xx.a)
    980	      0	      0	    980	    3d4	ring_buffer.o (ex liblpc_chip_43xx.a)
    256	      0	      0	    256	    100	ritimer_18xx_43xx.o (ex liblpc_chip_43xx.a)
   1016	      0	      0	   1016	    3f8	rtc_18xx_43xx.o (ex liblpc_chip_43xx.a)
    196	      0	      0	    196	     c4	sct_18xx_43xx.o (ex liblpc_chip_43xx.a)
    448	      0	      0	    448	    1c0	sct_pwm_18xx_43xx.o (ex liblpc_chip_43xx.a)
    708	      0	      0	    708	    2c4	sdif_18xx_43xx.o (ex liblpc_chip_43xx.a)
   2640	      4	    320	   2964	    b94	sdio_18xx_43xx.o (ex liblpc_chip_43xx.a)
   3156	      0	      4	   3160	    c58	sdmmc_18xx_43xx.o (ex liblpc_chip_43xx.a)
   1068	      0	      0	   1068	    42c	spi_18xx_43xx.o (ex liblpc_chip_43xx.a)
   2344	      0	      0	   2344	    928	ssp_18xx_43xx.o (ex liblpc_chip_43xx.a)
    388	      0	     12	    400	    190	stopwatch_18xx_43xx.o (ex liblpc_chip_43xx.a)
    616	      0	      0	    616	    268	sysinit_18xx_43xx.o (ex liblpc_chip_43xx.a)
    320	      0	      0	    320	    140	timer_18xx_43xx.o (ex liblpc_chip_43xx.a)
   2196	      0	      1	   2197	    895	uart_18xx_43xx.o (ex liblpc_chip_43xx.a)
    136	      0	      0	    136	     88	wwdt_18xx_43xx.o (ex liblpc_chip_43xx.a)
 
23:12:36 **** Build of configuration Debug for project adc_test ****
make -r all 
Building file: ../src/adc_test.c
Invoking: MCU C Compiler
arm-none-eabi-gcc -D__MULTICORE_NONE -DDEBUG -D__CODE_RED -DCORE_M4 -D__USE_LPCOPEN -D__LPC43XX__ -D__REDLIB__ -I"/home/nicozorza/LPCXpresso/TP_Final/Prueba_adc/lpc_board_nxp_lpcxpresso_4337/inc" -I"/home/nicozorza/LPCXpresso/TP_Final/Prueba_adc/lpc_chip_43xx/inc" -I"/home/nicozorza/LPCXpresso/TP_Final/Prueba_adc/lpc_chip_43xx/inc/usbd" -O0 -fno-common -g3 -Wall -c -fmessage-length=0 -fno-builtin -ffunction-sections -fdata-sections -fsingle-precision-constant -mcpu=cortex-m4 -mfpu=fpv4-sp-d16 -mfloat-abi=softfp -mthumb -specs=redlib.specs -MMD -MP -MF"src/adc_test.d" -MT"src/adc_test.o" -MT"src/adc_test.d" -o "src/adc_test.o" "../src/adc_test.c"
../src/adc_test.c:15:8: error: unknown type name 'uint32_t'
 static uint32_t tick_ct = 0;
        ^
../src/adc_test.c:16:8: error: unknown type name 'bool'
 static bool led_flag=false;
        ^
../src/adc_test.c:16:22: error: 'false' undeclared here (not in a function)
 static bool led_flag=false;
                      ^
../src/adc_test.c: In function 'SysTick_Handler':
../src/adc_test.c:22:12: error: 'true' undeclared (first use in this function)
   led_flag=true;
            ^
src/subdir.mk:30: fallo en las instrucciones para el objetivo 'src/adc_test.o'
../src/adc_test.c:22:12: note: each undeclared identifier is reported only once for each function it appears in
../src/adc_test.c: In function 'main':
../src/adc_test.c:29:5: warning: implicit declaration of function 'SystemCoreClockUpdate' [-Wimplicit-function-declaration]
     SystemCoreClockUpdate();
     ^
../src/adc_test.c:30:5: warning: implicit declaration of function 'Board_Init' [-Wimplicit-function-declaration]
     Board_Init();
     ^
../src/adc_test.c:31:5: warning: implicit declaration of function 'Board_LED_Set' [-Wimplicit-function-declaration]
     Board_LED_Set(0, true);
     ^
../src/adc_test.c:31:22: error: 'true' undeclared (first use in this function)
     Board_LED_Set(0, true);
                      ^
../src/adc_test.c:34:5: warning: implicit declaration of function 'SysTick_Config' [-Wimplicit-function-declaration]
     SysTick_Config(SystemCoreClock / TICKRATE_HZ1);
     ^
../src/adc_test.c:34:20: error: 'SystemCoreClock' undeclared (first use in this function)
     SysTick_Config(SystemCoreClock / TICKRATE_HZ1);
                    ^
../src/adc_test.c:34:38: error: 'TICKRATE_HZ1' undeclared (first use in this function)
     SysTick_Config(SystemCoreClock / TICKRATE_HZ1);
                                      ^
../src/adc_test.c:37:9: warning: implicit declaration of function '__WFI' [-Wimplicit-function-declaration]
         __WFI();
         ^
../src/adc_test.c:39:4: warning: implicit declaration of function 'Board_LED_Toggle' [-Wimplicit-function-declaration]
    Board_LED_Toggle(0);
    ^
make: *** [src/adc_test.o] Error 1
23:13:02 **** Incremental Build of configuration Debug for project lpc_board_nxp_lpcxpresso_4337 ****
make -r all 
make: No se hace nada para 'all'.
23:13:03 **** Incremental Build of configuration Debug for project lpc_chip_43xx ****
make -r all 
make: No se hace nada para 'all'.
23:13:03 **** Incremental Build of configuration Debug for project adc_test ****
make -r all 
Building file: ../src/adc_test.c
Invoking: MCU C Compiler
arm-none-eabi-gcc -D__MULTICORE_NONE -DDEBUG -D__CODE_RED -DCORE_M4 -D__USE_LPCOPEN -D__LPC43XX__ -D__REDLIB__ -I"/home/nicozorza/LPCXpresso/TP_Final/Prueba_adc/lpc_board_nxp_lpcxpresso_4337/inc" -I"/home/nicozorza/LPCXpresso/TP_Final/Prueba_adc/lpc_chip_43xx/inc" -I"/home/nicozorza/LPCXpresso/TP_Final/Prueba_adc/lpc_chip_43xx/inc/usbd" -O0 -fno-common -g3 -Wall -c -fmessage-length=0 -fno-builtin -ffunction-sections -fdata-sections -fsingle-precision-constant -mcpu=cortex-m4 -mfpu=fpv4-sp-d16 -mfloat-abi=softfp -mthumb -specs=redlib.specs -MMD -MP -MF"src/adc_test.d" -MT"src/adc_test.o" -MT"src/adc_test.d" -o "src/adc_test.o" "../src/adc_test.c"
../src/adc_test.c: In function 'main':
../src/adc_test.c:37:38: error: 'TICKRATE_HZ1' undeclared (first use in this function)
     SysTick_Config(SystemCoreClock / TICKRATE_HZ1);
                                      ^
../src/adc_test.c:37:38: note: each undeclared identifier is reported only once for each function it appears in
src/subdir.mk:30: fallo en las instrucciones para el objetivo 'src/adc_test.o'
make: *** [src/adc_test.o] Error 1
23:13:17 **** Incremental Build of configuration Debug for project lpc_board_nxp_lpcxpresso_4337 ****
make -r all 
make: No se hace nada para 'all'.
23:13:18 **** Incremental Build of configuration Debug for project lpc_chip_43xx ****
make -r all 
make: No se hace nada para 'all'.
23:13:18 **** Incremental Build of configuration Debug for project adc_test ****
make -r all 
Building file: ../src/adc_test.c
Invoking: MCU C Compiler
arm-none-eabi-gcc -D__MULTICORE_NONE -DDEBUG -D__CODE_RED -DCORE_M4 -D__USE_LPCOPEN -D__LPC43XX__ -D__REDLIB__ -I"/home/nicozorza/LPCXpresso/TP_Final/Prueba_adc/lpc_board_nxp_lpcxpresso_4337/inc" -I"/home/nicozorza/LPCXpresso/TP_Final/Prueba_adc/lpc_chip_43xx/inc" -I"/home/nicozorza/LPCXpresso/TP_Final/Prueba_adc/lpc_chip_43xx/inc/usbd" -O0 -fno-common -g3 -Wall -c -fmessage-length=0 -fno-builtin -ffunction-sections -fdata-sections -fsingle-precision-constant -mcpu=cortex-m4 -mfpu=fpv4-sp-d16 -mfloat-abi=softfp -mthumb -specs=redlib.specs -MMD -MP -MF"src/adc_test.d" -MT"src/adc_test.o" -MT"src/adc_test.d" -o "src/adc_test.o" "../src/adc_test.c"
Finished building: ../src/adc_test.c
 
Building file: ../src/cr_start_m0.c
Invoking: MCU C Compiler
arm-none-eabi-gcc -D__MULTICORE_NONE -DDEBUG -D__CODE_RED -DCORE_M4 -D__USE_LPCOPEN -D__LPC43XX__ -D__REDLIB__ -I"/home/nicozorza/LPCXpresso/TP_Final/Prueba_adc/lpc_board_nxp_lpcxpresso_4337/inc" -I"/home/nicozorza/LPCXpresso/TP_Final/Prueba_adc/lpc_chip_43xx/inc" -I"/home/nicozorza/LPCXpresso/TP_Final/Prueba_adc/lpc_chip_43xx/inc/usbd" -O0 -fno-common -g3 -Wall -c -fmessage-length=0 -fno-builtin -ffunction-sections -fdata-sections -fsingle-precision-constant -mcpu=cortex-m4 -mfpu=fpv4-sp-d16 -mfloat-abi=softfp -mthumb -specs=redlib.specs -MMD -MP -MF"src/cr_start_m0.d" -MT"src/cr_start_m0.o" -MT"src/cr_start_m0.d" -o "src/cr_start_m0.o" "../src/cr_start_m0.c"
Finished building: ../src/cr_start_m0.c
 
Building file: ../src/cr_startup_lpc43xx.c
Invoking: MCU C Compiler
arm-none-eabi-gcc -D__MULTICORE_NONE -DDEBUG -D__CODE_RED -DCORE_M4 -D__USE_LPCOPEN -D__LPC43XX__ -D__REDLIB__ -I"/home/nicozorza/LPCXpresso/TP_Final/Prueba_adc/lpc_board_nxp_lpcxpresso_4337/inc" -I"/home/nicozorza/LPCXpresso/TP_Final/Prueba_adc/lpc_chip_43xx/inc" -I"/home/nicozorza/LPCXpresso/TP_Final/Prueba_adc/lpc_chip_43xx/inc/usbd" -O0 -fno-common -g3 -Wall -c -fmessage-length=0 -fno-builtin -ffunction-sections -fdata-sections -fsingle-precision-constant -mcpu=cortex-m4 -mfpu=fpv4-sp-d16 -mfloat-abi=softfp -mthumb -specs=redlib.specs -MMD -MP -MF"src/cr_startup_lpc43xx.d" -MT"src/cr_startup_lpc43xx.o" -MT"src/cr_startup_lpc43xx.d" -o "src/cr_startup_lpc43xx.o" "../src/cr_startup_lpc43xx.c"
Finished building: ../src/cr_startup_lpc43xx.c
 
Building file: ../src/crp.c
Invoking: MCU C Compiler
arm-none-eabi-gcc -D__MULTICORE_NONE -DDEBUG -D__CODE_RED -DCORE_M4 -D__USE_LPCOPEN -D__LPC43XX__ -D__REDLIB__ -I"/home/nicozorza/LPCXpresso/TP_Final/Prueba_adc/lpc_board_nxp_lpcxpresso_4337/inc" -I"/home/nicozorza/LPCXpresso/TP_Final/Prueba_adc/lpc_chip_43xx/inc" -I"/home/nicozorza/LPCXpresso/TP_Final/Prueba_adc/lpc_chip_43xx/inc/usbd" -O0 -fno-common -g3 -Wall -c -fmessage-length=0 -fno-builtin -ffunction-sections -fdata-sections -fsingle-precision-constant -mcpu=cortex-m4 -mfpu=fpv4-sp-d16 -mfloat-abi=softfp -mthumb -specs=redlib.specs -MMD -MP -MF"src/crp.d" -MT"src/crp.o" -MT"src/crp.d" -o "src/crp.o" "../src/crp.c"
Finished building: ../src/crp.c
 
Building file: ../src/sysinit.c
Invoking: MCU C Compiler
arm-none-eabi-gcc -D__MULTICORE_NONE -DDEBUG -D__CODE_RED -DCORE_M4 -D__USE_LPCOPEN -D__LPC43XX__ -D__REDLIB__ -I"/home/nicozorza/LPCXpresso/TP_Final/Prueba_adc/lpc_board_nxp_lpcxpresso_4337/inc" -I"/home/nicozorza/LPCXpresso/TP_Final/Prueba_adc/lpc_chip_43xx/inc" -I"/home/nicozorza/LPCXpresso/TP_Final/Prueba_adc/lpc_chip_43xx/inc/usbd" -O0 -fno-common -g3 -Wall -c -fmessage-length=0 -fno-builtin -ffunction-sections -fdata-sections -fsingle-precision-constant -mcpu=cortex-m4 -mfpu=fpv4-sp-d16 -mfloat-abi=softfp -mthumb -specs=redlib.specs -MMD -MP -MF"src/sysinit.d" -MT"src/sysinit.o" -MT"src/sysinit.d" -o "src/sysinit.o" "../src/sysinit.c"
Finished building: ../src/sysinit.c
 
Building target: adc_test.axf
Invoking: MCU Linker
arm-none-eabi-gcc -nostdlib -L"/home/nicozorza/LPCXpresso/TP_Final/Prueba_adc/lpc_board_nxp_lpcxpresso_4337/Debug" -L"/home/nicozorza/LPCXpresso/TP_Final/Prueba_adc/lpc_chip_43xx/Debug" -Xlinker -Map="adc_test.map" -Xlinker --gc-sections -Xlinker -print-memory-usage -mcpu=cortex-m4 -mfpu=fpv4-sp-d16 -mfloat-abi=softfp -mthumb -T "adc_test_Debug.ld" -o "adc_test.axf"  ./src/adc_test.o ./src/cr_start_m0.o ./src/cr_startup_lpc43xx.o ./src/crp.o ./src/sysinit.o   -llpc_board_nxp_lpcxpresso_4337 -llpc_chip_43xx
Memory region         Used Size  Region Size  %age Used
      MFlashA512:        7108 B       512 KB      1.36%
      MFlashB512:          0 GB       512 KB      0.00%
        RamLoc32:          20 B        32 KB      0.06%
        RamLoc40:          0 GB        40 KB      0.00%
        RamAHB32:          0 GB        32 KB      0.00%
        RamAHB16:          0 GB        16 KB      0.00%
    RamAHB_ETB16:          0 GB        16 KB      0.00%
Finished building target: adc_test.axf
 
make --no-print-directory post-build
Performing post-build steps
arm-none-eabi-size "adc_test.axf"; # arm-none-eabi-objcopy -v -O binary "adc_test.axf" "adc_test.bin" ; # checksum -p LPC4337 -d "adc_test.bin";
   text	   data	    bss	    dec	    hex	filename
   7108	      0	     20	   7128	   1bd8	adc_test.axf
 
23:14:03 **** Incremental Build of configuration Debug for project adc_test ****
make -r all 
make: No se hace nada para 'all'.
23:14:55 **** Incremental Build of configuration Debug for project lpc_board_nxp_lpcxpresso_4337 ****
make -r all 
make: No se hace nada para 'all'.
23:14:56 **** Incremental Build of configuration Debug for project lpc_chip_43xx ****
make -r all 
make: No se hace nada para 'all'.
23:14:56 **** Incremental Build of configuration Debug for project adc_test ****
make -r all 
make: No se hace nada para 'all'.
23:15:01 **** Incremental Build of configuration Debug for project adc_test ****
make -r all 
make: No se hace nada para 'all'.
