22:09:45 **** Incremental Build of configuration Debug for project Prueba_FreeRTOS ****
make -r all 
Building file: ../freertos/src/FreeRTOSCommonHooks.c
Invoking: MCU C Compiler
arm-none-eabi-gcc -D__MULTICORE_NONE -DDEBUG -D__CODE_RED -D__USE_LPCOPEN -D__REDLIB__ -DCORE_M4 -I"/home/nicozorza/LPCXpresso/TP_Final/Pruebas/Prueba_FreeRTOS/lpc_chip_43xx/inc" -I"/home/nicozorza/LPCXpresso/TP_Final/Pruebas/Prueba_FreeRTOS/lpc_board_nxp_lpcxpresso_4337/inc" -I"/home/nicozorza/LPCXpresso/TP_Final/Pruebas/Prueba_FreeRTOS/Prueba_FreeRTOS/example/inc" -I"/home/nicozorza/LPCXpresso/TP_Final/Pruebas/Prueba_FreeRTOS/Prueba_FreeRTOS/freertos/inc" -O0 -g3 -Wall -c -fmessage-length=0 -fno-builtin -ffunction-sections -fdata-sections -fsingle-precision-constant -mcpu=cortex-m4 -mfpu=fpv4-sp-d16 -mfloat-abi=softfp -mthumb -D__REDLIB__ -specs=redlib.specs -MMD -MP -MF"freertos/src/FreeRTOSCommonHooks.d" -MT"freertos/src/FreeRTOSCommonHooks.o" -MT"freertos/src/FreeRTOSCommonHooks.d" -o "freertos/src/FreeRTOSCommonHooks.o" "../freertos/src/FreeRTOSCommonHooks.c"
Finished building: ../freertos/src/FreeRTOSCommonHooks.c
 
Building file: ../freertos/src/croutine.c
Invoking: MCU C Compiler
arm-none-eabi-gcc -D__MULTICORE_NONE -DDEBUG -D__CODE_RED -D__USE_LPCOPEN -D__REDLIB__ -DCORE_M4 -I"/home/nicozorza/LPCXpresso/TP_Final/Pruebas/Prueba_FreeRTOS/lpc_chip_43xx/inc" -I"/home/nicozorza/LPCXpresso/TP_Final/Pruebas/Prueba_FreeRTOS/lpc_board_nxp_lpcxpresso_4337/inc" -I"/home/nicozorza/LPCXpresso/TP_Final/Pruebas/Prueba_FreeRTOS/Prueba_FreeRTOS/example/inc" -I"/home/nicozorza/LPCXpresso/TP_Final/Pruebas/Prueba_FreeRTOS/Prueba_FreeRTOS/freertos/inc" -O0 -g3 -Wall -c -fmessage-length=0 -fno-builtin -ffunction-sections -fdata-sections -fsingle-precision-constant -mcpu=cortex-m4 -mfpu=fpv4-sp-d16 -mfloat-abi=softfp -mthumb -D__REDLIB__ -specs=redlib.specs -MMD -MP -MF"freertos/src/croutine.d" -MT"freertos/src/croutine.o" -MT"freertos/src/croutine.d" -o "freertos/src/croutine.o" "../freertos/src/croutine.c"
Finished building: ../freertos/src/croutine.c
 
Building file: ../freertos/src/event_groups.c
Invoking: MCU C Compiler
arm-none-eabi-gcc -D__MULTICORE_NONE -DDEBUG -D__CODE_RED -D__USE_LPCOPEN -D__REDLIB__ -DCORE_M4 -I"/home/nicozorza/LPCXpresso/TP_Final/Pruebas/Prueba_FreeRTOS/lpc_chip_43xx/inc" -I"/home/nicozorza/LPCXpresso/TP_Final/Pruebas/Prueba_FreeRTOS/lpc_board_nxp_lpcxpresso_4337/inc" -I"/home/nicozorza/LPCXpresso/TP_Final/Pruebas/Prueba_FreeRTOS/Prueba_FreeRTOS/example/inc" -I"/home/nicozorza/LPCXpresso/TP_Final/Pruebas/Prueba_FreeRTOS/Prueba_FreeRTOS/freertos/inc" -O0 -g3 -Wall -c -fmessage-length=0 -fno-builtin -ffunction-sections -fdata-sections -fsingle-precision-constant -mcpu=cortex-m4 -mfpu=fpv4-sp-d16 -mfloat-abi=softfp -mthumb -D__REDLIB__ -specs=redlib.specs -MMD -MP -MF"freertos/src/event_groups.d" -MT"freertos/src/event_groups.o" -MT"freertos/src/event_groups.d" -o "freertos/src/event_groups.o" "../freertos/src/event_groups.c"
Finished building: ../freertos/src/event_groups.c
 
Building file: ../freertos/src/heap_3.c
Invoking: MCU C Compiler
arm-none-eabi-gcc -D__MULTICORE_NONE -DDEBUG -D__CODE_RED -D__USE_LPCOPEN -D__REDLIB__ -DCORE_M4 -I"/home/nicozorza/LPCXpresso/TP_Final/Pruebas/Prueba_FreeRTOS/lpc_chip_43xx/inc" -I"/home/nicozorza/LPCXpresso/TP_Final/Pruebas/Prueba_FreeRTOS/lpc_board_nxp_lpcxpresso_4337/inc" -I"/home/nicozorza/LPCXpresso/TP_Final/Pruebas/Prueba_FreeRTOS/Prueba_FreeRTOS/example/inc" -I"/home/nicozorza/LPCXpresso/TP_Final/Pruebas/Prueba_FreeRTOS/Prueba_FreeRTOS/freertos/inc" -O0 -g3 -Wall -c -fmessage-length=0 -fno-builtin -ffunction-sections -fdata-sections -fsingle-precision-constant -mcpu=cortex-m4 -mfpu=fpv4-sp-d16 -mfloat-abi=softfp -mthumb -D__REDLIB__ -specs=redlib.specs -MMD -MP -MF"freertos/src/heap_3.d" -MT"freertos/src/heap_3.o" -MT"freertos/src/heap_3.d" -o "freertos/src/heap_3.o" "../freertos/src/heap_3.c"
Finished building: ../freertos/src/heap_3.c
 
Building file: ../freertos/src/list.c
Invoking: MCU C Compiler
arm-none-eabi-gcc -D__MULTICORE_NONE -DDEBUG -D__CODE_RED -D__USE_LPCOPEN -D__REDLIB__ -DCORE_M4 -I"/home/nicozorza/LPCXpresso/TP_Final/Pruebas/Prueba_FreeRTOS/lpc_chip_43xx/inc" -I"/home/nicozorza/LPCXpresso/TP_Final/Pruebas/Prueba_FreeRTOS/lpc_board_nxp_lpcxpresso_4337/inc" -I"/home/nicozorza/LPCXpresso/TP_Final/Pruebas/Prueba_FreeRTOS/Prueba_FreeRTOS/example/inc" -I"/home/nicozorza/LPCXpresso/TP_Final/Pruebas/Prueba_FreeRTOS/Prueba_FreeRTOS/freertos/inc" -O0 -g3 -Wall -c -fmessage-length=0 -fno-builtin -ffunction-sections -fdata-sections -fsingle-precision-constant -mcpu=cortex-m4 -mfpu=fpv4-sp-d16 -mfloat-abi=softfp -mthumb -D__REDLIB__ -specs=redlib.specs -MMD -MP -MF"freertos/src/list.d" -MT"freertos/src/list.o" -MT"freertos/src/list.d" -o "freertos/src/list.o" "../freertos/src/list.c"
Finished building: ../freertos/src/list.c
 
Building file: ../freertos/src/port.c
Invoking: MCU C Compiler
arm-none-eabi-gcc -D__MULTICORE_NONE -DDEBUG -D__CODE_RED -D__USE_LPCOPEN -D__REDLIB__ -DCORE_M4 -I"/home/nicozorza/LPCXpresso/TP_Final/Pruebas/Prueba_FreeRTOS/lpc_chip_43xx/inc" -I"/home/nicozorza/LPCXpresso/TP_Final/Pruebas/Prueba_FreeRTOS/lpc_board_nxp_lpcxpresso_4337/inc" -I"/home/nicozorza/LPCXpresso/TP_Final/Pruebas/Prueba_FreeRTOS/Prueba_FreeRTOS/example/inc" -I"/home/nicozorza/LPCXpresso/TP_Final/Pruebas/Prueba_FreeRTOS/Prueba_FreeRTOS/freertos/inc" -O0 -g3 -Wall -c -fmessage-length=0 -fno-builtin -ffunction-sections -fdata-sections -fsingle-precision-constant -mcpu=cortex-m4 -mfpu=fpv4-sp-d16 -mfloat-abi=softfp -mthumb -D__REDLIB__ -specs=redlib.specs -MMD -MP -MF"freertos/src/port.d" -MT"freertos/src/port.o" -MT"freertos/src/port.d" -o "freertos/src/port.o" "../freertos/src/port.c"
Finished building: ../freertos/src/port.c
 
Building file: ../freertos/src/queue.c
Invoking: MCU C Compiler
arm-none-eabi-gcc -D__MULTICORE_NONE -DDEBUG -D__CODE_RED -D__USE_LPCOPEN -D__REDLIB__ -DCORE_M4 -I"/home/nicozorza/LPCXpresso/TP_Final/Pruebas/Prueba_FreeRTOS/lpc_chip_43xx/inc" -I"/home/nicozorza/LPCXpresso/TP_Final/Pruebas/Prueba_FreeRTOS/lpc_board_nxp_lpcxpresso_4337/inc" -I"/home/nicozorza/LPCXpresso/TP_Final/Pruebas/Prueba_FreeRTOS/Prueba_FreeRTOS/example/inc" -I"/home/nicozorza/LPCXpresso/TP_Final/Pruebas/Prueba_FreeRTOS/Prueba_FreeRTOS/freertos/inc" -O0 -g3 -Wall -c -fmessage-length=0 -fno-builtin -ffunction-sections -fdata-sections -fsingle-precision-constant -mcpu=cortex-m4 -mfpu=fpv4-sp-d16 -mfloat-abi=softfp -mthumb -D__REDLIB__ -specs=redlib.specs -MMD -MP -MF"freertos/src/queue.d" -MT"freertos/src/queue.o" -MT"freertos/src/queue.d" -o "freertos/src/queue.o" "../freertos/src/queue.c"
Finished building: ../freertos/src/queue.c
 
Building file: ../freertos/src/redlib_memfix.c
Invoking: MCU C Compiler
arm-none-eabi-gcc -D__MULTICORE_NONE -DDEBUG -D__CODE_RED -D__USE_LPCOPEN -D__REDLIB__ -DCORE_M4 -I"/home/nicozorza/LPCXpresso/TP_Final/Pruebas/Prueba_FreeRTOS/lpc_chip_43xx/inc" -I"/home/nicozorza/LPCXpresso/TP_Final/Pruebas/Prueba_FreeRTOS/lpc_board_nxp_lpcxpresso_4337/inc" -I"/home/nicozorza/LPCXpresso/TP_Final/Pruebas/Prueba_FreeRTOS/Prueba_FreeRTOS/example/inc" -I"/home/nicozorza/LPCXpresso/TP_Final/Pruebas/Prueba_FreeRTOS/Prueba_FreeRTOS/freertos/inc" -O0 -g3 -Wall -c -fmessage-length=0 -fno-builtin -ffunction-sections -fdata-sections -fsingle-precision-constant -mcpu=cortex-m4 -mfpu=fpv4-sp-d16 -mfloat-abi=softfp -mthumb -D__REDLIB__ -specs=redlib.specs -MMD -MP -MF"freertos/src/redlib_memfix.d" -MT"freertos/src/redlib_memfix.o" -MT"freertos/src/redlib_memfix.d" -o "freertos/src/redlib_memfix.o" "../freertos/src/redlib_memfix.c"
Finished building: ../freertos/src/redlib_memfix.c
 
Building file: ../freertos/src/tasks.c
Invoking: MCU C Compiler
arm-none-eabi-gcc -D__MULTICORE_NONE -DDEBUG -D__CODE_RED -D__USE_LPCOPEN -D__REDLIB__ -DCORE_M4 -I"/home/nicozorza/LPCXpresso/TP_Final/Pruebas/Prueba_FreeRTOS/lpc_chip_43xx/inc" -I"/home/nicozorza/LPCXpresso/TP_Final/Pruebas/Prueba_FreeRTOS/lpc_board_nxp_lpcxpresso_4337/inc" -I"/home/nicozorza/LPCXpresso/TP_Final/Pruebas/Prueba_FreeRTOS/Prueba_FreeRTOS/example/inc" -I"/home/nicozorza/LPCXpresso/TP_Final/Pruebas/Prueba_FreeRTOS/Prueba_FreeRTOS/freertos/inc" -O0 -g3 -Wall -c -fmessage-length=0 -fno-builtin -ffunction-sections -fdata-sections -fsingle-precision-constant -mcpu=cortex-m4 -mfpu=fpv4-sp-d16 -mfloat-abi=softfp -mthumb -D__REDLIB__ -specs=redlib.specs -MMD -MP -MF"freertos/src/tasks.d" -MT"freertos/src/tasks.o" -MT"freertos/src/tasks.d" -o "freertos/src/tasks.o" "../freertos/src/tasks.c"
Finished building: ../freertos/src/tasks.c
 
Building file: ../freertos/src/timers.c
Invoking: MCU C Compiler
arm-none-eabi-gcc -D__MULTICORE_NONE -DDEBUG -D__CODE_RED -D__USE_LPCOPEN -D__REDLIB__ -DCORE_M4 -I"/home/nicozorza/LPCXpresso/TP_Final/Pruebas/Prueba_FreeRTOS/lpc_chip_43xx/inc" -I"/home/nicozorza/LPCXpresso/TP_Final/Pruebas/Prueba_FreeRTOS/lpc_board_nxp_lpcxpresso_4337/inc" -I"/home/nicozorza/LPCXpresso/TP_Final/Pruebas/Prueba_FreeRTOS/Prueba_FreeRTOS/example/inc" -I"/home/nicozorza/LPCXpresso/TP_Final/Pruebas/Prueba_FreeRTOS/Prueba_FreeRTOS/freertos/inc" -O0 -g3 -Wall -c -fmessage-length=0 -fno-builtin -ffunction-sections -fdata-sections -fsingle-precision-constant -mcpu=cortex-m4 -mfpu=fpv4-sp-d16 -mfloat-abi=softfp -mthumb -D__REDLIB__ -specs=redlib.specs -MMD -MP -MF"freertos/src/timers.d" -MT"freertos/src/timers.o" -MT"freertos/src/timers.d" -o "freertos/src/timers.o" "../freertos/src/timers.c"
Finished building: ../freertos/src/timers.c
 
Building file: ../example/src/cr_startup_lpc43xx.c
Invoking: MCU C Compiler
arm-none-eabi-gcc -D__MULTICORE_NONE -DDEBUG -D__CODE_RED -D__USE_LPCOPEN -D__REDLIB__ -DCORE_M4 -I"/home/nicozorza/LPCXpresso/TP_Final/Pruebas/Prueba_FreeRTOS/lpc_chip_43xx/inc" -I"/home/nicozorza/LPCXpresso/TP_Final/Pruebas/Prueba_FreeRTOS/lpc_board_nxp_lpcxpresso_4337/inc" -I"/home/nicozorza/LPCXpresso/TP_Final/Pruebas/Prueba_FreeRTOS/Prueba_FreeRTOS/example/inc" -I"/home/nicozorza/LPCXpresso/TP_Final/Pruebas/Prueba_FreeRTOS/Prueba_FreeRTOS/freertos/inc" -O0 -g3 -Wall -c -fmessage-length=0 -fno-builtin -ffunction-sections -fdata-sections -fsingle-precision-constant -mcpu=cortex-m4 -mfpu=fpv4-sp-d16 -mfloat-abi=softfp -mthumb -D__REDLIB__ -specs=redlib.specs -MMD -MP -MF"example/src/cr_startup_lpc43xx.d" -MT"example/src/cr_startup_lpc43xx.o" -MT"example/src/cr_startup_lpc43xx.d" -o "example/src/cr_startup_lpc43xx.o" "../example/src/cr_startup_lpc43xx.c"
Finished building: ../example/src/cr_startup_lpc43xx.c
 
Building file: ../example/src/prueba_freertos.c
Invoking: MCU C Compiler
arm-none-eabi-gcc -D__MULTICORE_NONE -DDEBUG -D__CODE_RED -D__USE_LPCOPEN -D__REDLIB__ -DCORE_M4 -I"/home/nicozorza/LPCXpresso/TP_Final/Pruebas/Prueba_FreeRTOS/lpc_chip_43xx/inc" -I"/home/nicozorza/LPCXpresso/TP_Final/Pruebas/Prueba_FreeRTOS/lpc_board_nxp_lpcxpresso_4337/inc" -I"/home/nicozorza/LPCXpresso/TP_Final/Pruebas/Prueba_FreeRTOS/Prueba_FreeRTOS/example/inc" -I"/home/nicozorza/LPCXpresso/TP_Final/Pruebas/Prueba_FreeRTOS/Prueba_FreeRTOS/freertos/inc" -O0 -g3 -Wall -c -fmessage-length=0 -fno-builtin -ffunction-sections -fdata-sections -fsingle-precision-constant -mcpu=cortex-m4 -mfpu=fpv4-sp-d16 -mfloat-abi=softfp -mthumb -D__REDLIB__ -specs=redlib.specs -MMD -MP -MF"example/src/prueba_freertos.d" -MT"example/src/prueba_freertos.o" -MT"example/src/prueba_freertos.d" -o "example/src/prueba_freertos.o" "../example/src/prueba_freertos.c"
../example/src/prueba_freertos.c: In function 'ADC0_IRQHandler':
../example/src/prueba_freertos.c:153:39: warning: passing argument 3 of 'Chip_ADC_ReadValue' discards 'volatile' qualifier from pointer target type [-Wdiscarded-qualifiers]
  Chip_ADC_ReadValue(LPC_ADC0, ADC_CH0,&adc_data); //Se hace una nueva lectura de la temperatura
                                       ^
In file included from /home/nicozorza/LPCXpresso/TP_Final/Pruebas/Prueba_FreeRTOS/lpc_chip_43xx/inc/chip_lpc43xx.h:176:0,
                 from /home/nicozorza/LPCXpresso/TP_Final/Pruebas/Prueba_FreeRTOS/lpc_chip_43xx/inc/chip.h:39,
                 from /home/nicozorza/LPCXpresso/TP_Final/Pruebas/Prueba_FreeRTOS/lpc_board_nxp_lpcxpresso_4337/inc/board.h:35,
                 from ../example/src/prueba_freertos.c:32:
/home/nicozorza/LPCXpresso/TP_Final/Pruebas/Prueba_FreeRTOS/lpc_chip_43xx/inc/adc_18xx_43xx.h:163:8: note: expected 'uint16_t * {aka short unsigned int *}' but argument is of type 'volatile uint16_t * {aka volatile short unsigned int *}'
 Status Chip_ADC_ReadValue(LPC_ADC_T *pADC, uint8_t channel, uint16_t *data);
        ^
Finished building: ../example/src/prueba_freertos.c
 
Building file: ../example/src/sysinit.c
Invoking: MCU C Compiler
arm-none-eabi-gcc -D__MULTICORE_NONE -DDEBUG -D__CODE_RED -D__USE_LPCOPEN -D__REDLIB__ -DCORE_M4 -I"/home/nicozorza/LPCXpresso/TP_Final/Pruebas/Prueba_FreeRTOS/lpc_chip_43xx/inc" -I"/home/nicozorza/LPCXpresso/TP_Final/Pruebas/Prueba_FreeRTOS/lpc_board_nxp_lpcxpresso_4337/inc" -I"/home/nicozorza/LPCXpresso/TP_Final/Pruebas/Prueba_FreeRTOS/Prueba_FreeRTOS/example/inc" -I"/home/nicozorza/LPCXpresso/TP_Final/Pruebas/Prueba_FreeRTOS/Prueba_FreeRTOS/freertos/inc" -O0 -g3 -Wall -c -fmessage-length=0 -fno-builtin -ffunction-sections -fdata-sections -fsingle-precision-constant -mcpu=cortex-m4 -mfpu=fpv4-sp-d16 -mfloat-abi=softfp -mthumb -D__REDLIB__ -specs=redlib.specs -MMD -MP -MF"example/src/sysinit.d" -MT"example/src/sysinit.o" -MT"example/src/sysinit.d" -o "example/src/sysinit.o" "../example/src/sysinit.c"
Finished building: ../example/src/sysinit.c
 
Building target: Prueba_FreeRTOS.axf
Invoking: MCU Linker
arm-none-eabi-gcc -nostdlib -L"/home/nicozorza/LPCXpresso/TP_Final/Pruebas/Prueba_FreeRTOS/lpc_chip_43xx/Debug" -L"/home/nicozorza/LPCXpresso/TP_Final/Pruebas/Prueba_FreeRTOS/lpc_board_nxp_lpcxpresso_4337/Debug" -Xlinker -Map="Prueba_FreeRTOS.map" -Xlinker --gc-sections -mcpu=cortex-m4 -mfpu=fpv4-sp-d16 -mfloat-abi=softfp -mthumb -T "Prueba_FreeRTOS_Debug.ld" -o "Prueba_FreeRTOS.axf"  ./freertos/src/FreeRTOSCommonHooks.o ./freertos/src/croutine.o ./freertos/src/event_groups.o ./freertos/src/heap_3.o ./freertos/src/list.o ./freertos/src/port.o ./freertos/src/queue.o ./freertos/src/redlib_memfix.o ./freertos/src/tasks.o ./freertos/src/timers.o  ./example/src/cr_startup_lpc43xx.o ./example/src/prueba_freertos.o ./example/src/sysinit.o   -llpc_board_nxp_lpcxpresso_4337 -llpc_chip_43xx
Finished building target: Prueba_FreeRTOS.axf
 
make --no-print-directory post-build
Performing post-build steps
arm-none-eabi-size "Prueba_FreeRTOS.axf"; # arm-none-eabi-objcopy -v -O binary "Prueba_FreeRTOS.axf" "Prueba_FreeRTOS.bin" ; # checksum -p LPC4337 -d "Prueba_FreeRTOS.bin";
   text	   data	    bss	    dec	    hex	filename
  17924	      8	    704	  18636	   48cc	Prueba_FreeRTOS.axf
 

22:09:46 Build Finished (took 1s.616ms)

