00:16:10 **** Incremental Build of configuration Debug for project horno_control_p ****
make -r all 
Building file: ../example/src/main.c
Invoking: MCU C Compiler
arm-none-eabi-gcc -D__MULTICORE_NONE -DDEBUG -D__CODE_RED -D__USE_LPCOPEN -D__REDLIB__ -DCORE_M4 -I"/home/nicozorza/LPCXpresso/TP_Final/Pruebas/Horno_control_P/lpc_chip_43xx/inc" -I"/home/nicozorza/LPCXpresso/TP_Final/Pruebas/Horno_control_P/lpc_board_nxp_lpcxpresso_4337/inc" -I"/home/nicozorza/LPCXpresso/TP_Final/Pruebas/Horno_control_P/horno_control_p/example/inc" -I"/home/nicozorza/LPCXpresso/TP_Final/Pruebas/Horno_control_P/horno_control_p/freertos/inc" -O0 -g3 -Wall -c -fmessage-length=0 -fno-builtin -ffunction-sections -fdata-sections -fsingle-precision-constant -mcpu=cortex-m4 -mfpu=fpv4-sp-d16 -mfloat-abi=softfp -mthumb -specs=redlib.specs -MMD -MP -MF"example/src/main.d" -MT"example/src/main.o" -MT"example/src/main.d" -o "example/src/main.o" "../example/src/main.c"
../example/src/main.c: In function 'ADC0_IRQHandler':
../example/src/main.c:30:50: warning: passing argument 3 of 'Chip_ADC_ReadValue' discards 'volatile' qualifier from pointer target type [-Wdiscarded-qualifiers]
  Chip_ADC_ReadValue(ADC_TEMPERATURE, ADC_CHANNEL,&adc_data); //Se hace una nueva lectura de la temperatura
                                                  ^
In file included from /home/nicozorza/LPCXpresso/TP_Final/Pruebas/Horno_control_P/lpc_chip_43xx/inc/chip_lpc43xx.h:176:0,
                 from /home/nicozorza/LPCXpresso/TP_Final/Pruebas/Horno_control_P/lpc_chip_43xx/inc/chip.h:39,
                 from /home/nicozorza/LPCXpresso/TP_Final/Pruebas/Horno_control_P/lpc_board_nxp_lpcxpresso_4337/inc/board.h:35,
                 from /home/nicozorza/LPCXpresso/TP_Final/Pruebas/Horno_control_P/horno_control_p/example/inc/main.h:6,
                 from ../example/src/main.c:1:
/home/nicozorza/LPCXpresso/TP_Final/Pruebas/Horno_control_P/lpc_chip_43xx/inc/adc_18xx_43xx.h:163:8: note: expected 'uint16_t * {aka short unsigned int *}' but argument is of type 'volatile uint16_t * {aka volatile short unsigned int *}'
 Status Chip_ADC_ReadValue(LPC_ADC_T *pADC, uint8_t channel, uint16_t *data);
        ^
Finished building: ../example/src/main.c
 
Building target: horno_control_p.axf
Invoking: MCU Linker
arm-none-eabi-gcc -nostdlib -L"/home/nicozorza/LPCXpresso/TP_Final/Pruebas/Horno_control_P/lpc_chip_43xx/Debug" -L"/home/nicozorza/LPCXpresso/TP_Final/Pruebas/Horno_control_P/lpc_board_nxp_lpcxpresso_4337/Debug" -Xlinker -Map="horno_control_p.map" -Xlinker --gc-sections -mcpu=cortex-m4 -mfpu=fpv4-sp-d16 -mfloat-abi=softfp -mthumb -T "freertos_examples_1_to_9_Debug.ld" -o "horno_control_p.axf"  ./freertos/src/FreeRTOSCommonHooks.o ./freertos/src/croutine.o ./freertos/src/event_groups.o ./freertos/src/heap_3.o ./freertos/src/list.o ./freertos/src/port.o ./freertos/src/queue.o ./freertos/src/redlib_memfix.o ./freertos/src/tasks.o ./freertos/src/timers.o  ./example/src/Configure.o ./example/src/cr_startup_lpc43xx.o ./example/src/main.o ./example/src/sysinit.o ./example/src/utils.o   -llpc_board_nxp_lpcxpresso_4337 -llpc_chip_43xx
Finished building target: horno_control_p.axf
 
make --no-print-directory post-build
Performing post-build steps
arm-none-eabi-size "horno_control_p.axf"; # arm-none-eabi-objcopy -v -O binary "horno_control_p.axf" "horno_control_p.bin" ; # checksum -p LPC4337 -d "horno_control_p.bin";
   text	   data	    bss	    dec	    hex	filename
  19444	      8	    756	  20208	   4ef0	horno_control_p.axf
 

00:16:10 Build Finished (took 315ms)

